{
  "RSpec": {
    "coverage": {
      "/Users/adil/dev/personal/eshopper/spec/controllers/auth/sessions_controller_spec.rb": {
        "lines": [
          1,
          null,
          1,
          4,
          1,
          3,
          1,
          1,
          1,
          null,
          1,
          1,
          1,
          null,
          null,
          1,
          1,
          1,
          1,
          null,
          1,
          1,
          1,
          null,
          null,
          null,
          null,
          null,
          1,
          2,
          1,
          1,
          1,
          1,
          null,
          1,
          1,
          1,
          null,
          null,
          null,
          null
        ]
      },
      "/Users/adil/dev/personal/eshopper/spec/rails_helper.rb": {
        "lines": [
          null,
          1,
          1,
          1,
          null,
          1,
          1,
          1,
          null,
          null,
          null,
          null,
          null,
          null,
          null,
          null,
          null,
          null,
          null,
          null,
          null,
          null,
          null,
          null,
          null,
          null,
          null,
          null,
          1,
          null,
          0,
          0,
          null,
          1,
          null,
          1,
          null,
          null,
          null,
          null,
          1,
          null,
          null,
          null,
          null,
          null,
          null,
          null,
          null,
          null,
          null,
          null,
          null,
          null,
          null,
          null,
          null,
          null,
          1,
          null,
          null,
          1,
          null,
          null,
          null,
          1,
          null
        ]
      },
      "/Users/adil/dev/personal/eshopper/config/environment.rb": {
        "lines": [
          null,
          1,
          null,
          null,
          1
        ]
      },
      "/Users/adil/dev/personal/eshopper/config/application.rb": {
        "lines": [
          1,
          null,
          1,
          null,
          null,
          null,
          1,
          null,
          1,
          null,
          1,
          null,
          1,
          null,
          null,
          null,
          null,
          null,
          null,
          null
        ]
      },
      "/Users/adil/dev/personal/eshopper/config/boot.rb": {
        "lines": [
          1,
          null,
          1,
          1
        ]
      },
      "/Users/adil/dev/personal/eshopper/config/environments/test.rb": {
        "lines": [
          null,
          null,
          null,
          null,
          null,
          1,
          null,
          null,
          1,
          1,
          null,
          null,
          null,
          null,
          1,
          null,
          null,
          1,
          1,
          null,
          null,
          null,
          null,
          1,
          1,
          1,
          null,
          null,
          1,
          null,
          null,
          1,
          null,
          null,
          1,
          null,
          1,
          null,
          null,
          null,
          null,
          1,
          null,
          null,
          1,
          null,
          null,
          null,
          null
        ]
      },
      "/Users/adil/dev/personal/eshopper/config/initializers/application_controller_renderer.rb": {
        "lines": [
          null,
          null,
          null,
          null,
          null,
          null,
          null,
          null
        ]
      },
      "/Users/adil/dev/personal/eshopper/config/initializers/assets.rb": {
        "lines": [
          null,
          null,
          null,
          1,
          null,
          null,
          null,
          null,
          1,
          null,
          null,
          null,
          null,
          null
        ]
      },
      "/Users/adil/dev/personal/eshopper/config/initializers/backtrace_silencers.rb": {
        "lines": [
          null,
          null,
          null,
          null,
          null,
          null,
          null
        ]
      },
      "/Users/adil/dev/personal/eshopper/config/initializers/config.rb": {
        "lines": [
          1
        ]
      },
      "/Users/adil/dev/personal/eshopper/config/initializers/content_security_policy.rb": {
        "lines": [
          null,
          null,
          null,
          null,
          null,
          null,
          null,
          null,
          null,
          null,
          null,
          null,
          null,
          null,
          null,
          null,
          null,
          null,
          null,
          null,
          null,
          null,
          null,
          null,
          null,
          null,
          null,
          null,
          null,
          null
        ]
      },
      "/Users/adil/dev/personal/eshopper/config/initializers/cookies_serializer.rb": {
        "lines": [
          null,
          null,
          null,
          null,
          1
        ]
      },
      "/Users/adil/dev/personal/eshopper/config/initializers/devise.rb": {
        "lines": [
          null,
          null,
          null,
          null,
          null,
          null,
          null,
          null,
          null,
          null,
          1,
          null,
          null,
          null,
          null,
          null,
          null,
          null,
          null,
          null,
          null,
          null,
          null,
          null,
          null,
          null,
          1,
          null,
          null,
          null,
          null,
          null,
          null,
          null,
          null,
          null,
          null,
          null,
          1,
          null,
          null,
          null,
          null,
          null,
          null,
          null,
          null,
          null,
          null,
          null,
          null,
          null,
          null,
          null,
          null,
          null,
          null,
          null,
          null,
          null,
          1,
          null,
          null,
          null,
          null,
          1,
          null,
          null,
          null,
          null,
          null,
          null,
          null,
          null,
          null,
          null,
          null,
          null,
          null,
          null,
          null,
          null,
          null,
          null,
          null,
          null,
          null,
          null,
          null,
          null,
          null,
          null,
          null,
          null,
          null,
          null,
          null,
          null,
          null,
          1,
          null,
          null,
          null,
          null,
          null,
          null,
          null,
          null,
          null,
          null,
          null,
          null,
          null,
          null,
          null,
          null,
          null,
          null,
          null,
          null,
          null,
          null,
          null,
          null,
          null,
          1,
          null,
          null,
          null,
          null,
          null,
          null,
          null,
          null,
          null,
          null,
          null,
          null,
          null,
          null,
          null,
          null,
          null,
          null,
          null,
          null,
          null,
          null,
          null,
          null,
          null,
          null,
          null,
          null,
          null,
          null,
          null,
          null,
          null,
          1,
          null,
          null,
          null,
          null,
          null,
          null,
          null,
          null,
          null,
          1,
          null,
          null,
          null,
          null,
          null,
          null,
          null,
          null,
          null,
          null,
          1,
          null,
          null,
          null,
          null,
          1,
          null,
          null,
          null,
          null,
          null,
          null,
          null,
          null,
          null,
          null,
          null,
          null,
          null,
          null,
          null,
          null,
          null,
          null,
          null,
          null,
          null,
          null,
          null,
          null,
          null,
          null,
          null,
          null,
          null,
          null,
          null,
          null,
          null,
          null,
          null,
          null,
          null,
          null,
          null,
          null,
          1,
          null,
          null,
          null,
          null,
          null,
          null,
          null,
          null,
          null,
          null,
          null,
          null,
          null,
          null,
          null,
          null,
          null,
          null,
          null,
          null,
          null,
          null,
          null,
          null,
          null,
          null,
          null,
          null,
          null,
          null,
          null,
          null,
          null,
          null,
          null,
          null,
          null,
          null,
          null,
          null,
          null,
          1,
          null,
          null,
          null,
          null,
          null,
          null,
          null,
          null,
          null,
          null,
          null,
          null,
          null,
          null,
          null,
          null,
          null,
          null,
          null,
          null,
          null,
          null,
          null,
          null,
          null,
          null,
          null,
          null,
          null,
          null,
          null,
          null,
          null,
          null,
          null,
          null,
          null,
          null,
          null,
          null,
          null,
          null
        ]
      },
      "/Users/adil/dev/personal/eshopper/config/initializers/filter_parameter_logging.rb": {
        "lines": [
          null,
          null,
          null,
          1
        ]
      },
      "/Users/adil/dev/personal/eshopper/config/initializers/geokit_config.rb": {
        "lines": [
          null,
          1,
          1,
          null,
          null,
          null,
          null,
          1,
          null,
          null,
          null,
          null,
          null,
          null,
          null,
          null,
          null,
          null,
          null,
          null,
          null,
          null,
          null,
          null,
          null,
          null,
          null,
          null,
          null,
          null,
          null,
          null,
          null,
          null,
          null,
          null,
          null,
          null,
          null,
          null,
          null,
          null,
          null,
          null,
          null,
          null,
          null,
          null,
          null,
          null,
          null,
          null,
          null,
          null,
          null,
          null,
          null,
          null,
          null,
          null,
          null,
          null,
          null,
          null,
          null,
          null,
          null,
          null,
          null,
          null,
          null,
          null,
          null,
          null,
          null,
          null,
          null,
          null,
          null,
          null,
          null,
          null,
          null,
          null,
          null,
          null,
          null,
          null,
          null,
          null,
          null,
          null,
          null,
          null,
          null,
          null,
          null,
          null,
          null,
          null
        ]
      },
      "/Users/adil/dev/personal/eshopper/config/initializers/inflections.rb": {
        "lines": [
          null,
          null,
          null,
          null,
          null,
          null,
          null,
          null,
          null,
          null,
          null,
          null,
          null,
          null,
          null,
          null
        ]
      },
      "/Users/adil/dev/personal/eshopper/config/initializers/mime_types.rb": {
        "lines": [
          null,
          null,
          null,
          null
        ]
      },
      "/Users/adil/dev/personal/eshopper/config/initializers/wrap_parameters.rb": {
        "lines": [
          null,
          null,
          null,
          null,
          null,
          null,
          1,
          2,
          null,
          null,
          null,
          null,
          null,
          null
        ]
      },
      "/Users/adil/dev/personal/eshopper/spec/factories/carts.rb": {
        "lines": [
          1,
          1,
          1,
          1,
          null,
          null
        ]
      },
      "/Users/adil/dev/personal/eshopper/spec/factories/carts_items.rb": {
        "lines": [
          1,
          1,
          56,
          56,
          56,
          56,
          56,
          1,
          null,
          null
        ]
      },
      "/Users/adil/dev/personal/eshopper/spec/factories/items.rb": {
        "lines": [
          1,
          1,
          143,
          143,
          123,
          143,
          143,
          143,
          143,
          143,
          null,
          null
        ]
      },
      "/Users/adil/dev/personal/eshopper/spec/factories/order_items.rb": {
        "lines": [
          1,
          1,
          21,
          21,
          21,
          21,
          21,
          1,
          1,
          null,
          null
        ]
      },
      "/Users/adil/dev/personal/eshopper/spec/factories/orders.rb": {
        "lines": [
          1,
          1,
          26,
          26,
          1,
          1,
          null,
          null
        ]
      },
      "/Users/adil/dev/personal/eshopper/spec/factories/ratings.rb": {
        "lines": [
          1,
          1,
          4,
          2,
          1,
          1,
          null,
          null
        ]
      },
      "/Users/adil/dev/personal/eshopper/spec/factories/shops.rb": {
        "lines": [
          1,
          1,
          132,
          132,
          119,
          119,
          128,
          1,
          null,
          null
        ]
      },
      "/Users/adil/dev/personal/eshopper/spec/factories/users.rb": {
        "lines": [
          1,
          1,
          276,
          276,
          277,
          3037,
          277,
          277,
          277,
          277,
          277,
          277,
          226,
          null,
          null
        ]
      },
      "/Users/adil/dev/personal/eshopper/config/routes.rb": {
        "lines": [
          1,
          null,
          1,
          1,
          null,
          null,
          null,
          null,
          1,
          1,
          1,
          1,
          1,
          null,
          null,
          1,
          1,
          1,
          1,
          1,
          1,
          null,
          null,
          1,
          1,
          1,
          null,
          null,
          null
        ]
      },
      "/Users/adil/dev/personal/eshopper/app/models/user.rb": {
        "lines": [
          null,
          1,
          1,
          1,
          null,
          1,
          1,
          1,
          1,
          1,
          null,
          1,
          1,
          1,
          1,
          1,
          null,
          1,
          3,
          null,
          null
        ]
      },
      "/Users/adil/dev/personal/eshopper/app/models/application_record.rb": {
        "lines": [
          null,
          1,
          1,
          null
        ]
      },
      "/Users/adil/dev/personal/eshopper/app/helpers/application_helper.rb": {
        "lines": [
          null,
          1,
          null
        ]
      },
      "/Users/adil/dev/personal/eshopper/app/controllers/auth/sessions_controller.rb": {
        "lines": [
          null,
          null,
          1,
          null,
          1,
          1,
          null,
          null
        ]
      },
      "/Users/adil/dev/personal/eshopper/app/controllers/application_controller.rb": {
        "lines": [
          null,
          1,
          1,
          null,
          1,
          null,
          1,
          4,
          null,
          null
        ]
      },
      "/Users/adil/dev/personal/eshopper/spec/controllers/carts_controller_spec.rb": {
        "lines": [
          1,
          null,
          1,
          8,
          8,
          8,
          8,
          8,
          8,
          8,
          1,
          1,
          3,
          null,
          1,
          1,
          1,
          1,
          1,
          null,
          null,
          1,
          1,
          4,
          null,
          1,
          1,
          1,
          1,
          1,
          1,
          1,
          1,
          1,
          1,
          1,
          1,
          1,
          1,
          1,
          null,
          1,
          1,
          1,
          1,
          1,
          1,
          1,
          1,
          null,
          1,
          1,
          1,
          1,
          null,
          1,
          1,
          1,
          1,
          1,
          null,
          null,
          null,
          1,
          1,
          2,
          null,
          1,
          1,
          1,
          1,
          1,
          null,
          null,
          1,
          1,
          1,
          null,
          1,
          1,
          1,
          1,
          1,
          1,
          1,
          1,
          1,
          null,
          null,
          null,
          null,
          null
        ]
      },
      "/Users/adil/dev/personal/eshopper/app/controllers/api/v1/carts_controller.rb": {
        "lines": [
          1,
          1,
          null,
          1,
          1,
          1,
          5,
          5,
          3,
          null,
          2,
          null,
          null,
          1,
          1,
          null,
          null,
          1,
          null,
          1,
          6,
          null,
          null,
          1,
          4,
          4,
          4,
          null,
          null,
          1,
          0,
          null,
          null,
          null,
          null
        ]
      },
      "/Users/adil/dev/personal/eshopper/app/controllers/api/v1/api_controller.rb": {
        "lines": [
          null,
          1,
          1,
          null,
          1,
          1,
          1,
          1,
          1,
          null,
          1,
          null,
          1,
          0,
          0,
          null,
          null,
          null,
          null
        ]
      },
      "/Users/adil/dev/personal/eshopper/app/controllers/concerns/user_authentication.rb": {
        "lines": [
          null,
          1,
          1,
          1,
          1,
          52,
          null,
          null,
          null
        ]
      },
      "/Users/adil/dev/personal/eshopper/app/controllers/concerns/exception_handling.rb": {
        "lines": [
          null,
          1,
          1,
          null,
          1,
          1,
          13,
          null,
          null,
          1,
          0,
          null,
          null,
          1,
          1,
          null,
          null,
          null
        ]
      },
      "/Users/adil/dev/personal/eshopper/app/errors/not_authenticated_error.rb": {
        "lines": [
          null,
          1
        ]
      },
      "/Users/adil/dev/personal/eshopper/app/errors/app_base_error.rb": {
        "lines": [
          null,
          null,
          1,
          1,
          null,
          1,
          25,
          25,
          null,
          null
        ]
      },
      "/Users/adil/dev/personal/eshopper/app/errors/lat_lng_blank_error.rb": {
        "lines": [
          null,
          1
        ]
      },
      "/Users/adil/dev/personal/eshopper/app/controllers/concerns/pagination_meta.rb": {
        "lines": [
          null,
          1,
          1,
          null,
          1,
          null,
          4,
          null,
          null,
          null,
          null,
          null,
          null,
          null
        ]
      },
      "/Users/adil/dev/personal/eshopper/spec/controllers/items_controller_spec.rb": {
        "lines": [
          1,
          null,
          1,
          6,
          6,
          6,
          6,
          6,
          6,
          6,
          1,
          1,
          2,
          null,
          1,
          1,
          1,
          1,
          1,
          null,
          null,
          1,
          1,
          2,
          null,
          1,
          1,
          1,
          1,
          1,
          null,
          1,
          1,
          1,
          1,
          1,
          null,
          null,
          null,
          1,
          1,
          2,
          null,
          1,
          1,
          1,
          1,
          1,
          null,
          null,
          1,
          1,
          1,
          null,
          1,
          1,
          1,
          1,
          null,
          null,
          null,
          null,
          null
        ]
      },
      "/Users/adil/dev/personal/eshopper/app/controllers/api/v1/items_controller.rb": {
        "lines": [
          1,
          1,
          null,
          1,
          1,
          2,
          2,
          null,
          null,
          1,
          1,
          1,
          null,
          null,
          1,
          null,
          1,
          2,
          null,
          null,
          null,
          null
        ]
      },
      "/Users/adil/dev/personal/eshopper/spec/controllers/orders_controller_spec.rb": {
        "lines": [
          1,
          null,
          1,
          16,
          16,
          16,
          16,
          16,
          16,
          16,
          1,
          1,
          2,
          null,
          1,
          1,
          1,
          1,
          1,
          null,
          null,
          1,
          1,
          2,
          null,
          1,
          1,
          1,
          1,
          1,
          1,
          1,
          1,
          null,
          1,
          1,
          1,
          1,
          1,
          null,
          null,
          null,
          1,
          1,
          1,
          1,
          1,
          1,
          null,
          null,
          1,
          1,
          1,
          null,
          1,
          1,
          1,
          1,
          1,
          1,
          null,
          null,
          null,
          null,
          1,
          1,
          1,
          1,
          1,
          1,
          null,
          null,
          1,
          1,
          1,
          1,
          1,
          1,
          1,
          null,
          1,
          1,
          1,
          1,
          1,
          1,
          1,
          1,
          1,
          1,
          1,
          null,
          1,
          1,
          1,
          1,
          1,
          1,
          null,
          1,
          1,
          1,
          1,
          1,
          1,
          null,
          null,
          null,
          null,
          1,
          1,
          1,
          1,
          1,
          1,
          null,
          null,
          1,
          1,
          1,
          1,
          1,
          1,
          1,
          1,
          1,
          null,
          1,
          1,
          1,
          1,
          1,
          1,
          1,
          1,
          1,
          1,
          null,
          1,
          1,
          1,
          1,
          1,
          1,
          1,
          1,
          1,
          1,
          null,
          1,
          1,
          1,
          1,
          1,
          1,
          1,
          1,
          1,
          1,
          null,
          null,
          null,
          null,
          null
        ]
      },
      "/Users/adil/dev/personal/eshopper/app/controllers/api/v1/orders_controller.rb": {
        "lines": [
          1,
          1,
          null,
          1,
          1,
          1,
          1,
          9,
          9,
          null,
          9,
          9,
          8,
          null,
          1,
          null,
          null,
          1,
          4,
          1,
          null,
          2,
          null,
          1,
          null,
          null,
          1,
          4,
          3,
          2,
          null,
          1,
          null,
          null,
          1,
          null,
          null,
          1,
          1,
          null,
          null,
          1,
          null,
          1,
          5,
          null,
          null,
          1,
          10,
          10,
          10,
          null,
          null,
          1,
          3,
          null,
          null,
          null,
          null
        ]
      },
      "/Users/adil/dev/personal/eshopper/spec/controllers/sessions_controller_spec.rb": {
        "lines": [
          1,
          null,
          1,
          5,
          1,
          1,
          2,
          null,
          1,
          1,
          1,
          1,
          1,
          null,
          null,
          1,
          1,
          1,
          null,
          1,
          1,
          1,
          1,
          1,
          1,
          1,
          1,
          1,
          null,
          null,
          null,
          1,
          1,
          2,
          null,
          1,
          1,
          1,
          1,
          1,
          null,
          null,
          1,
          1,
          1,
          null,
          1,
          1,
          1,
          1,
          1,
          1,
          1,
          1,
          1,
          null,
          null,
          null,
          null
        ]
      },
      "/Users/adil/dev/personal/eshopper/app/controllers/api/v1/sessions_controller.rb": {
        "lines": [
          1,
          1,
          null,
          1,
          1,
          1,
          null,
          null,
          1,
          1,
          1,
          null,
          null,
          null,
          null
        ]
      },
      "/Users/adil/dev/personal/eshopper/spec/controllers/shops_controller_spec.rb": {
        "lines": [
          1,
          null,
          1,
          13,
          13,
          13,
          1,
          1,
          4,
          null,
          1,
          1,
          1,
          1,
          1,
          null,
          null,
          1,
          1,
          3,
          null,
          1,
          1,
          1,
          1,
          1,
          null,
          1,
          1,
          1,
          1,
          1,
          1,
          null,
          1,
          1,
          1,
          1,
          1,
          1,
          null,
          null,
          null,
          1,
          1,
          2,
          null,
          1,
          1,
          1,
          1,
          1,
          null,
          null,
          1,
          1,
          1,
          null,
          1,
          1,
          1,
          1,
          null,
          null,
          null,
          null,
          1,
          1,
          4,
          null,
          1,
          1,
          1,
          1,
          1,
          null,
          null,
          1,
          1,
          5,
          null,
          1,
          1,
          1,
          1,
          1,
          null,
          1,
          1,
          1,
          1,
          1,
          1,
          null,
          1,
          1,
          1,
          1,
          1,
          1,
          null,
          1,
          1,
          1,
          1,
          1,
          1,
          null,
          1,
          1,
          1,
          1,
          1,
          1,
          1,
          1,
          1,
          1,
          1,
          1,
          1,
          1,
          1,
          1,
          null,
          null,
          null,
          null,
          null
        ]
      },
      "/Users/adil/dev/personal/eshopper/app/controllers/api/v1/shops_controller.rb": {
        "lines": [
          1,
          1,
          null,
          1,
          1,
          1,
          1,
          1,
          null,
          2,
          2,
          null,
          null,
          1,
          1,
          null,
          null,
          1,
          6,
          1,
          null,
          5,
          5,
          3,
          null,
          null,
          2,
          null,
          null,
          1,
          null,
          1,
          7,
          null,
          null,
          null,
          null
        ]
      },
      "/Users/adil/dev/personal/eshopper/app/controllers/concerns/validation.rb": {
        "lines": [
          null,
          1,
          1,
          1,
          1,
          3,
          null,
          null,
          null
        ]
      },
      "/Users/adil/dev/personal/eshopper/spec/models/cart_spec.rb": {
        "lines": [
          1,
          null,
          1,
          1,
          2,
          2,
          2,
          2,
          2,
          2,
          2,
          2,
          2,
          null,
          null
        ]
      },
      "/Users/adil/dev/personal/eshopper/app/models/cart.rb": {
        "lines": [
          null,
          1,
          1,
          149,
          1,
          1,
          1,
          null,
          1,
          8,
          null,
          null,
          1,
          8,
          null,
          null
        ]
      },
      "/Users/adil/dev/personal/eshopper/spec/models/carts_item_spec.rb": {
        "lines": [
          1,
          null,
          1,
          1,
          2,
          2,
          2,
          2,
          2,
          2,
          2,
          null,
          null,
          1,
          1,
          1,
          1,
          1,
          1,
          1,
          1,
          1,
          1,
          null,
          null,
          null
        ]
      },
      "/Users/adil/dev/personal/eshopper/app/models/carts_item.rb": {
        "lines": [
          null,
          1,
          1,
          1,
          61,
          1,
          null,
          1,
          60,
          null,
          null
        ]
      },
      "/Users/adil/dev/personal/eshopper/spec/models/order_spec.rb": {
        "lines": [
          1,
          null,
          1,
          21,
          21,
          21,
          21,
          21,
          21,
          21,
          1,
          2,
          2,
          2,
          2,
          2,
          2,
          2,
          2,
          2,
          2,
          2,
          2,
          null,
          1,
          2,
          2,
          2,
          2,
          2,
          null,
          null,
          1,
          1,
          1,
          1,
          1,
          null,
          null,
          1,
          1,
          1,
          1,
          1,
          1,
          null,
          null,
          1,
          1,
          1,
          1,
          1,
          1,
          1,
          null,
          null,
          null
        ]
      },
      "/Users/adil/dev/personal/eshopper/app/models/order.rb": {
        "lines": [
          null,
          1,
          null,
          1,
          1,
          1,
          1,
          1,
          94,
          1,
          94,
          94,
          94,
          1,
          1,
          1,
          1,
          1,
          1,
          1,
          1,
          1,
          null,
          1,
          1,
          null,
          null,
          1,
          1,
          null,
          null,
          1,
          1,
          null,
          null,
          1,
          1,
          null,
          null,
          1,
          1,
          null,
          null,
          1,
          1,
          null,
          null,
          1,
          1,
          null,
          null,
          1,
          1,
          null,
          null,
          null,
          1,
          null,
          null,
          null,
          null,
          1,
          null,
          1,
          null,
          1,
          6,
          null,
          null,
          null,
          null,
          null,
          null,
          null,
          6,
          6,
          null,
          null,
          1,
          3,
          3,
          null,
          null,
          1,
          26,
          26,
          26,
          null,
          null,
          1,
          null,
          null,
          null,
          1,
          49,
          null,
          null
        ]
      },
      "/Users/adil/dev/personal/eshopper/spec/models/rating_spec.rb": {
        "lines": [
          1,
          null,
          1,
          5,
          5,
          null,
          1,
          2,
          2,
          null,
          null,
          1,
          1,
          1,
          1,
          1,
          1,
          1,
          1,
          1,
          null,
          null,
          1,
          1,
          2,
          null,
          null,
          null,
          null
        ]
      },
      "/Users/adil/dev/personal/eshopper/app/models/rating.rb": {
        "lines": [
          null,
          1,
          1,
          1,
          1,
          1,
          null,
          1,
          null,
          1,
          8,
          null,
          3,
          null,
          null,
          1,
          7,
          null,
          null
        ]
      },
      "/Users/adil/dev/personal/eshopper/spec/models/shop_spec.rb": {
        "lines": [
          1,
          null,
          1,
          1,
          2,
          2,
          2,
          2,
          null,
          null,
          1,
          2,
          2,
          2,
          null,
          null
        ]
      },
      "/Users/adil/dev/personal/eshopper/app/models/shop.rb": {
        "lines": [
          null,
          1,
          1,
          1,
          1,
          1,
          1,
          1,
          1,
          1,
          null,
          1,
          7,
          7,
          null,
          null
        ]
      },
      "/Users/adil/dev/personal/eshopper/spec/models/user_spec.rb": {
        "lines": [
          1,
          null,
          1,
          1,
          2,
          2,
          2,
          2,
          null,
          null,
          1,
          2,
          2,
          2,
          2,
          2,
          null,
          null,
          1,
          1,
          1,
          1,
          null,
          null,
          null
        ]
      },
      "/Users/adil/dev/personal/eshopper/spec/services/cart_service_spec.rb": {
        "lines": [
          1,
          null,
          1,
          6,
          6,
          6,
          6,
          1,
          1,
          1,
          1,
          1,
          null,
          1,
          1,
          1,
          1,
          1,
          null,
          1,
          1,
          1,
          1,
          null,
          1,
          2,
          null,
          1,
          1,
          1,
          1,
          2,
          null,
          null,
          null
        ]
      },
      "/Users/adil/dev/personal/eshopper/app/services/cart_service.rb": {
        "lines": [
          null,
          1,
          1,
          11,
          null,
          null,
          1,
          11,
          11,
          7,
          7,
          7,
          7,
          7,
          7,
          7,
          null,
          null,
          1,
          null,
          1,
          11,
          null,
          9,
          9,
          null,
          null
        ]
      },
      "/Users/adil/dev/personal/eshopper/spec/services/order_service_spec.rb": {
        "lines": [
          1,
          null,
          1,
          17,
          17,
          17,
          17,
          17,
          17,
          17,
          1,
          1,
          1,
          1,
          1,
          1,
          1,
          1,
          1,
          1,
          null,
          null,
          1,
          1,
          1,
          1,
          1,
          1,
          1,
          null,
          1,
          1,
          1,
          1,
          1,
          1,
          null,
          1,
          1,
          1,
          1,
          1,
          1,
          1,
          null,
          1,
          1,
          1,
          1,
          1,
          1,
          1,
          null,
          1,
          1,
          1,
          1,
          1,
          2,
          null,
          1,
          1,
          1,
          1,
          1,
          2,
          1,
          2,
          1,
          2,
          null,
          null,
          1,
          1,
          1,
          1,
          1,
          1,
          1,
          1,
          null,
          1,
          1,
          1,
          1,
          1,
          1,
          2,
          1,
          2,
          1,
          2,
          null,
          null,
          1,
          1,
          1,
          1,
          1,
          null,
          1,
          1,
          1,
          2,
          null,
          1,
          1,
          1,
          2,
          null,
          null,
          1,
          1,
          1,
          1,
          1,
          null,
          1,
          1,
          1,
          1,
          null,
          null,
          1,
          1,
          1,
          1,
          1,
          1,
          1,
          null,
          1,
          1,
          1,
          1,
          1,
          2,
          null,
          null,
          null
        ]
      },
      "/Users/adil/dev/personal/eshopper/app/services/order_service.rb": {
        "lines": [
          null,
          1,
          1,
          39,
          null,
          null,
          1,
          25,
          25,
          null,
          25,
          null,
          null,
          null,
          null,
          null,
          1,
          null,
          24,
          24,
          24,
          null,
          null,
          null,
          24,
          24,
          24,
          null,
          null,
          null,
          null,
          null,
          null,
          null,
          null,
          24,
          24,
          null,
          null,
          1,
          null,
          16,
          null,
          10,
          6,
          6,
          null,
          null,
          1,
          6,
          4,
          null,
          2,
          null,
          null,
          1,
          2,
          null,
          null,
          1,
          2,
          null,
          null,
          1,
          null,
          1,
          16,
          null,
          null,
          1,
          16,
          null,
          null,
          1,
          8,
          null,
          null,
          1,
          8,
          null,
          null
        ]
      },
      "/Users/adil/dev/personal/eshopper/app/models/item.rb": {
        "lines": [
          null,
          1,
          1,
          1,
          1,
          1,
          1,
          null
        ]
      },
      "/Users/adil/dev/personal/eshopper/app/serializers/cart_serializer.rb": {
        "lines": [
          null,
          1,
          1,
          null,
          1,
          1,
          4,
          null,
          1,
          null
        ]
      },
      "/Users/adil/dev/personal/eshopper/app/serializers/carts_item_serializer.rb": {
        "lines": [
          null,
          1,
          1,
          1,
          1,
          14,
          null,
          1,
          14,
          null,
          1,
          14,
          null,
          null
        ]
      },
      "/Users/adil/dev/personal/eshopper/app/errors/cart_error.rb": {
        "lines": [
          null,
          1
        ]
      },
      "/Users/adil/dev/personal/eshopper/app/serializers/item_serializer.rb": {
        "lines": [
          null,
          1,
          1,
          1,
          null,
          null
        ]
      },
      "/Users/adil/dev/personal/eshopper/app/models/orders_item.rb": {
        "lines": [
          null,
          1,
          1,
          1,
          1,
          null
        ]
      },
      "/Users/adil/dev/personal/eshopper/app/serializers/order_serializer.rb": {
        "lines": [
          1,
          1,
          1,
          1,
          null
        ]
      },
      "/Users/adil/dev/personal/eshopper/app/errors/not_allowed_error.rb": {
        "lines": [
          null,
          1
        ]
      },
      "/Users/adil/dev/personal/eshopper/app/serializers/user_serializer.rb": {
        "lines": [
          1,
          1,
          1,
          null
        ]
      },
      "/Users/adil/dev/personal/eshopper/app/serializers/shop_serializer.rb": {
        "lines": [
          1,
          1,
          1,
          null
        ]
      }
    },
    "timestamp": 1615230182
  }
}
